<?xml version="1.0" encoding="UTF-8"?>
<testng-results ignored="0" total="1" passed="1" failed="0" skipped="0">
  <reporter-output>
  </reporter-output>
  <suite started-at="2023-02-22T18:36:51 IST" name="Suite" finished-at="2023-02-22T18:37:42 IST" duration-ms="51232">
    <groups>
    </groups>
    <test started-at="2023-02-22T18:36:51 IST" name="Test" finished-at="2023-02-22T18:37:42 IST" duration-ms="51232">
      <class name="Test_Classes.Test_1">
        <test-method is-config="true" signature="openBrowser12()[pri:0, instance:Test_Classes.Test_1@3c19aaa5]" started-at="2023-02-22T18:36:51 IST" name="openBrowser12" finished-at="2023-02-22T18:37:11 IST" duration-ms="20249" status="PASS">
          <reporter-output>
          </reporter-output>
        </test-method> <!-- openBrowser12 -->
        <test-method is-config="true" signature="login12()[pri:0, instance:Test_Classes.Test_1@3c19aaa5]" started-at="2023-02-22T18:37:11 IST" name="login12" finished-at="2023-02-22T18:37:22 IST" duration-ms="10782" status="PASS">
          <reporter-output>
          </reporter-output>
        </test-method> <!-- login12 -->
        <test-method signature="verifyusername123()[pri:0, instance:Test_Classes.Test_1@3c19aaa5]" started-at="2023-02-22T18:37:22 IST" name="verifyusername123" finished-at="2023-02-22T18:37:24 IST" duration-ms="1378" status="PASS">
          <reporter-output>
          </reporter-output>
        </test-method> <!-- verifyusername123 -->
        <test-method is-config="true" signature="logout12(org.testng.ITestResult)[pri:0, instance:Test_Classes.Test_1@3c19aaa5]" started-at="2023-02-22T18:37:24 IST" name="logout12" finished-at="2023-02-22T18:37:26 IST" duration-ms="2163" status="PASS">
          <params>
            <param index="0">
              <value>
                <![CDATA[[TestResult name=verifyusername123 status=SUCCESS method=Test_1.verifyusername123()[pri:0, instance:Test_Classes.Test_1@3c19aaa5] output={null}]]]>
              </value>
            </param>
          </params>
          <reporter-output>
          </reporter-output>
        </test-method> <!-- logout12 -->
        <test-method is-config="true" signature="closeBrowser()[pri:0, instance:Test_Classes.Test_1@3c19aaa5]" started-at="2023-02-22T18:37:26 IST" name="closeBrowser" finished-at="2023-02-22T18:37:42 IST" duration-ms="16174" status="PASS">
          <reporter-output>
          </reporter-output>
        </test-method> <!-- closeBrowser -->
      </class> <!-- Test_Classes.Test_1 -->
    </test> <!-- Test -->
  </suite> <!-- Suite -->
</testng-results>
